Performing C SOURCE FILE Test CMAKE_HAVE_LIBC_PTHREAD failed with the following output:
Change Dir: /root/dz1_multithread/build/CMakeFiles/CMakeTmp

Run Build Command(s):/usr/bin/gmake cmTC_e9fdf/fast && gmake[1]: Entering directory '/root/dz1_multithread/build/CMakeFiles/CMakeTmp'
/usr/bin/gmake  -f CMakeFiles/cmTC_e9fdf.dir/build.make CMakeFiles/cmTC_e9fdf.dir/build
gmake[2]: Entering directory '/root/dz1_multithread/build/CMakeFiles/CMakeTmp'
Building C object CMakeFiles/cmTC_e9fdf.dir/src.c.o
/usr/bin/cc   -DCMAKE_HAVE_LIBC_PTHREAD -o CMakeFiles/cmTC_e9fdf.dir/src.c.o -c /root/dz1_multithread/build/CMakeFiles/CMakeTmp/src.c
Linking C executable cmTC_e9fdf
/usr/bin/cmake -E cmake_link_script CMakeFiles/cmTC_e9fdf.dir/link.txt --verbose=1
/usr/bin/cc  -DCMAKE_HAVE_LIBC_PTHREAD CMakeFiles/cmTC_e9fdf.dir/src.c.o -o cmTC_e9fdf 
/usr/bin/ld: CMakeFiles/cmTC_e9fdf.dir/src.c.o: in function `main':
src.c:(.text+0x2d): undefined reference to `pthread_create'
/usr/bin/ld: src.c:(.text+0x39): undefined reference to `pthread_detach'
/usr/bin/ld: src.c:(.text+0x45): undefined reference to `pthread_cancel'
/usr/bin/ld: src.c:(.text+0x56): undefined reference to `pthread_join'
collect2: error: ld returned 1 exit status
gmake[2]: *** [CMakeFiles/cmTC_e9fdf.dir/build.make:106: cmTC_e9fdf] Error 1
gmake[2]: Leaving directory '/root/dz1_multithread/build/CMakeFiles/CMakeTmp'
gmake[1]: *** [Makefile:140: cmTC_e9fdf/fast] Error 2
gmake[1]: Leaving directory '/root/dz1_multithread/build/CMakeFiles/CMakeTmp'


Source file was:
#include <pthread.h>

void* test_func(void* data)
{
  return data;
}

int main(void)
{
  pthread_t thread;
  pthread_create(&thread, NULL, test_func, NULL);
  pthread_detach(thread);
  pthread_cancel(thread);
  pthread_join(thread, NULL);
  pthread_atfork(NULL, NULL, NULL);
  pthread_exit(NULL);

  return 0;
}

Determining if the function pthread_create exists in the pthreads failed with the following output:
Change Dir: /root/dz1_multithread/build/CMakeFiles/CMakeTmp

Run Build Command(s):/usr/bin/gmake cmTC_5eb84/fast && gmake[1]: Entering directory '/root/dz1_multithread/build/CMakeFiles/CMakeTmp'
/usr/bin/gmake  -f CMakeFiles/cmTC_5eb84.dir/build.make CMakeFiles/cmTC_5eb84.dir/build
gmake[2]: Entering directory '/root/dz1_multithread/build/CMakeFiles/CMakeTmp'
Building C object CMakeFiles/cmTC_5eb84.dir/CheckFunctionExists.c.o
/usr/bin/cc   -DCHECK_FUNCTION_EXISTS=pthread_create -o CMakeFiles/cmTC_5eb84.dir/CheckFunctionExists.c.o -c /usr/share/cmake-3.18/Modules/CheckFunctionExists.c
Linking C executable cmTC_5eb84
/usr/bin/cmake -E cmake_link_script CMakeFiles/cmTC_5eb84.dir/link.txt --verbose=1
/usr/bin/cc  -DCHECK_FUNCTION_EXISTS=pthread_create CMakeFiles/cmTC_5eb84.dir/CheckFunctionExists.c.o -o cmTC_5eb84  -lpthreads 
/usr/bin/ld: cannot find -lpthreads
collect2: error: ld returned 1 exit status
gmake[2]: *** [CMakeFiles/cmTC_5eb84.dir/build.make:106: cmTC_5eb84] Error 1
gmake[2]: Leaving directory '/root/dz1_multithread/build/CMakeFiles/CMakeTmp'
gmake[1]: *** [Makefile:140: cmTC_5eb84/fast] Error 2
gmake[1]: Leaving directory '/root/dz1_multithread/build/CMakeFiles/CMakeTmp'



